<?xml version="1.0" encoding="UTF-8"?>
<!-- Generated by org.testng.reporters.JUnitReportReporter -->
<testsuite hostname="Raju" failures="0" tests="1" name="tests.DashboardTest" time="8.628" errors="0" timestamp="2025-05-28T15:21:38 IST" skipped="0">
  <testcase classname="tests.DashboardTest" name="testHoverAndClickPIM" time="8.628"/>
</testsuite> <!-- tests.DashboardTest -->
