<?xml version="1.0" encoding="UTF-8"?>
<!-- Generated by org.testng.reporters.JUnitReportReporter -->
<testsuite hostname="Raju" failures="0" tests="5" name="tests.VerifyEmployeeTest" time="60.608" errors="0" timestamp="2025-05-28T15:21:38 IST" skipped="0">
  <testcase classname="tests.VerifyEmployeeTest" name="addEmployeesAndCaptureIds" time="8.686"/>
  <testcase classname="tests.VerifyEmployeeTest" name="addEmployeesAndCaptureIds" time="8.040"/>
  <testcase classname="tests.VerifyEmployeeTest" name="addEmployeesAndCaptureIds" time="8.756"/>
  <testcase classname="tests.VerifyEmployeeTest" name="addEmployeesAndCaptureIds" time="8.621"/>
  <testcase classname="tests.VerifyEmployeeTest" name="verifyAddedEmployees" time="26.505"/>
</testsuite> <!-- tests.VerifyEmployeeTest -->
