<?xml version="1.0" encoding="UTF-8"?>
<!-- Generated by org.testng.reporters.JUnitReportReporter -->
<testsuite hostname="Raju" failures="0" tests="1" name="base.LoginTest" time="6.505" errors="0" timestamp="2025-05-27T19:05:21 IST" skipped="0">
  <testcase classname="base.LoginTest" name="sampleLoginTest" time="6.505"/>
</testsuite> <!-- base.LoginTest -->
