<?xml version="1.0" encoding="UTF-8"?>
<!-- Generated by org.testng.reporters.JUnitReportReporter -->
<testsuite hostname="Raju" failures="0" tests="1" name="tests.LoginTest" time="13.093" errors="0" timestamp="2025-05-28T15:21:38 IST" skipped="0">
  <testcase classname="tests.LoginTest" name="testValidLogin" time="13.093"/>
</testsuite> <!-- tests.LoginTest -->
