<?xml version="1.0" encoding="UTF-8"?>
<!-- Generated by org.testng.reporters.JUnitReportReporter -->
<testsuite hostname="Raju" failures="0" tests="4" name="tests.EmployeeAddTest" time="46.200" errors="0" timestamp="2025-05-28T15:21:38 IST" skipped="0">
  <testcase classname="tests.EmployeeAddTest" name="testAddNewEmployee" time="12.834"/>
  <testcase classname="tests.EmployeeAddTest" name="testAddNewEmployee" time="10.935"/>
  <testcase classname="tests.EmployeeAddTest" name="testAddNewEmployee" time="10.022"/>
  <testcase classname="tests.EmployeeAddTest" name="testAddNewEmployee" time="12.409"/>
</testsuite> <!-- tests.EmployeeAddTest -->
